


ARM Macro Assembler    Page 1 


    1 00000000         ;PR_4
    2 00000000                 area             stack, noinit, readwrite
    3 00000000                 space            0x400
    4 00000400         stack_top
    5 00000400                 area             reset, data, readonly
    6 00000000                 area             program,code,readonly
    7 00000000 00000000        dcd              stack_top
    8 00000004 00000000        dcd              start
    9 00000008                 entry
   10 00000008         start
   11 00000008         ; bl pp1
   12 00000008         ;bl pp2
   13 00000008         ; bl pp3
   14 00000008 F000 F84D       bl               pp4         ;Array create
   15 0000000C         ;bl pp5 ;Avg
   16 0000000C F000 F86E       bl               pp6         ; beetween
   17 00000010 E7FE    m       b                m
   18 00000012         pp1
   19 00000012 F04F 5000       mov              r0, #0x20000000
   20 00000016 493F            ldr              r1, = 0x20000010
   21 00000018 F04F 0210       mov              r2, #16
   22 0000001C F04F 0300       mov              r3, #0
   23 00000020 F04F 0407       mov              r4, #7
   24 00000024 F04F 0509       mov              r5, #9
   25 00000028         m1
   26 00000028 F800 4B01       strb             r4, [r0], #1
   27 0000002C F801 5B01       strb             r5, [r1], #1
   28 00000030 F103 0301       add              r3, #1
   29 00000034 F104 0405       add              r4, #5
   30 00000038 461D            mov              r5, r3
   31 0000003A F2A5 0503       add              r5, #-3
   32 0000003E FB05 F505       mul              r5, r5
   33 00000042 3A01            subs             r2, #1
   34 00000044 D1F0            bne              m1
   35 00000046 4770            bx               lr
   36 00000048         pp2
   37 00000048 4933            ldr              r1, = 0x20000020
   38 0000004A F04F 0210       mov              r2, #16
   39 0000004E F04F 0401       mov              r4, #1
   40 00000052 F04F 0501       mov              r5, #1
   41 00000056 F801 4B01       strb             r4, [r1], #1
   42 0000005A F801 5B01       strb             r5, [r1], #1
   43 0000005E 442C    m2      add              r4, r5
   44 00000060 F801 4B01       strb             r4, [r1], #1
   45 00000064 4425            add              r5, r4
   46 00000066 F801 5B01       strb             r5, [r1],#1
   47 0000006A 3A02            subs             r2, #2
   48 0000006C D5F7            bpl              m2
   49 0000006E 4770            bx               lr
   50 00000070         pp3
   51 00000070 F04F 5000       mov              r0, #0x20000000
   52 00000074 F04F 0120       mov              r1, #32
   53 00000078 F04F 0200       mov              r2, #0
   54 0000007C F04F 0300       mov              r3, #0
   55 00000080 F810 5B01 
                       m3      ldrb             r5, [r0],#1
   56 00000084 2D14            cmps             r5, #20
   57 00000086 BF98 3201       addls            r2, #1
   58 0000008A 2D28            cmps             r5, #40



ARM Macro Assembler    Page 2 


   59 0000008C BF98 3301       addls            r3, #1
   60 00000090 3901            subs             r1, #1
   61 00000092 D5F5            bpl              m3
   62 00000094 EBA3 0402       sub              r4, r3, r2
   63 00000098 F800 2B01       strb             r2, [r0],#1
   64 0000009C F800 3B01       strb             r3, [r0],#1
   65 000000A0 F800 4B01       strb             r4, [r0],#1
   66 000000A4 4770            bx               lr
   67 000000A6         pp4                                  ;Create array
   68 000000A6 F04F 5000       mov              r0, #0x20000000
   69 000000AA F04F 0100       mov              r1, #0      ;counter
   70 000000AE         m4
   71 000000AE FB01 F201       mul              r2, r1,r1   ;n^2
   72 000000B2 FB02 F201       mul              r2,r1       ;n^3
   73 000000B6 EA4F 0242       lsl              r2, #1      ;2*n^2
   74 000000BA 440A            add              r2, r1      ; 2*n^2 + n
   75 000000BC F102 0201       add              r2, #1
   76 000000C0 F800 2B01       strb             r2, [r0], #1
   77 000000C4 F101 0101       add              r1, #1
   78 000000C8 2910            cmps             r1, #16
   79 000000CA D4F0            bmi              m4
   80 000000CC 4770            bx               lr
   81 000000CE         pp5                                  ;avg
   82 000000CE F04F 5000       mov              r0, #0x20000000
   83 000000D2 F04F 0100       mov              r1, #0      ;counter
   84 000000D6         m5
   85 000000D6 F810 5B01       ldrb             r5, [r0],#1
   86 000000DA 442B            add              r3, r5
   87 000000DC F101 0101       add              r1, #1
   88 000000E0 2910            cmps             r1, #16
   89 000000E2 D4F8            bmi              m5
   90 000000E4 EA4F 1313       lsr              r3, #4
   91 000000E8 7003            strb             r3, [r0]
   92 000000EA 4770            bx               lr
   93 000000EC         pp6                                  ;avg
   94 000000EC F04F 5000       mov              r0, #0x20000000
   95 000000F0 F04F 0100       mov              r1, #0      ;counter
   96 000000F4         m6
   97 000000F4 2910            cmps             r1, #16
   98 000000F6 DC0A            bgt              m7
   99 000000F8 F810 5B01       ldrb             r5, [r0],#1
  100 000000FC F101 0101       add              r1, #1
  101 00000100 2D40            cmp              r5, #0x40
  102 00000102 D9F7            bls              m6
  103 00000104 2D7F            cmp              r5, #0x7f
  104 00000106 DCF5            bgt              m6
  105 00000108 F103 0301       add              r3, #1
  106 0000010C E7F2            b                m6
  107 0000010E         m7
  108 0000010E 7003            strb             r3, [r0]
  109 00000110 4770            bx               lr
  110 00000112         end
                       
              00 00 20000010 
              20000020 
Command Line: --debug --xref --diag_suppress=9931 --cpu=Cortex-M3 --apcs=interw
ork --depend=.\objects\main.d -o.\objects\main.o -I.\RTE\_Target_1 -IC:\Keil_v5
\ARM\PACK\Keil\MDR1986BExx\1.4\Libraries\CMSIS\CM3\DeviceSupport\MDR32F9Qx\inc 
-IC:\Keil_v5\ARM\CMSIS\Include --predefine="__EVAL SETA 1" --predefine="__UVISI



ARM Macro Assembler    Page 3 


ON_VERSION SETA 526" --predefine="USE_MDR32F9Q2_Rev1 SETA 1" --list=.\listings\
main.lst main.s



ARM Macro Assembler    Page 1 Alphabetic symbol ordering
Relocatable symbols

stack 00000000

Symbol: stack
   Definitions
      At line 2 in file main.s
   Uses
      None
Comment: stack unused
stack_top 00000400

Symbol: stack_top
   Definitions
      At line 4 in file main.s
   Uses
      At line 7 in file main.s
Comment: stack_top used once
2 symbols



ARM Macro Assembler    Page 1 Alphabetic symbol ordering
Relocatable symbols

reset 00000000

Symbol: reset
   Definitions
      At line 5 in file main.s
   Uses
      None
Comment: reset unused
1 symbol



ARM Macro Assembler    Page 1 Alphabetic symbol ordering
Relocatable symbols

end 00000112

Symbol: end
   Definitions
      At line 110 in file main.s
   Uses
      None
Comment: end unused
m 00000010

Symbol: m
   Definitions
      At line 17 in file main.s
   Uses
      At line 17 in file main.s
Comment: m used once
m1 00000028

Symbol: m1
   Definitions
      At line 25 in file main.s
   Uses
      At line 34 in file main.s
Comment: m1 used once
m2 0000005E

Symbol: m2
   Definitions
      At line 43 in file main.s
   Uses
      At line 48 in file main.s
Comment: m2 used once
m3 00000080

Symbol: m3
   Definitions
      At line 55 in file main.s
   Uses
      At line 61 in file main.s
Comment: m3 used once
m4 000000AE

Symbol: m4
   Definitions
      At line 70 in file main.s
   Uses
      At line 79 in file main.s
Comment: m4 used once
m5 000000D6

Symbol: m5
   Definitions
      At line 84 in file main.s
   Uses
      At line 89 in file main.s
Comment: m5 used once
m6 000000F4

Symbol: m6



ARM Macro Assembler    Page 2 Alphabetic symbol ordering
Relocatable symbols

   Definitions
      At line 96 in file main.s
   Uses
      At line 102 in file main.s
      At line 104 in file main.s
      At line 106 in file main.s

m7 0000010E

Symbol: m7
   Definitions
      At line 107 in file main.s
   Uses
      At line 98 in file main.s
Comment: m7 used once
pp1 00000012

Symbol: pp1
   Definitions
      At line 18 in file main.s
   Uses
      None
Comment: pp1 unused
pp2 00000048

Symbol: pp2
   Definitions
      At line 36 in file main.s
   Uses
      None
Comment: pp2 unused
pp3 00000070

Symbol: pp3
   Definitions
      At line 50 in file main.s
   Uses
      None
Comment: pp3 unused
pp4 000000A6

Symbol: pp4
   Definitions
      At line 67 in file main.s
   Uses
      At line 14 in file main.s
Comment: pp4 used once
pp5 000000CE

Symbol: pp5
   Definitions
      At line 81 in file main.s
   Uses
      None
Comment: pp5 unused
pp6 000000EC

Symbol: pp6
   Definitions



ARM Macro Assembler    Page 3 Alphabetic symbol ordering
Relocatable symbols

      At line 93 in file main.s
   Uses
      At line 16 in file main.s
Comment: pp6 used once
program 00000000

Symbol: program
   Definitions
      At line 6 in file main.s
   Uses
      None
Comment: program unused
start 00000008

Symbol: start
   Definitions
      At line 10 in file main.s
   Uses
      At line 8 in file main.s
Comment: start used once
17 symbols
355 symbols in table
