


ARM Macro Assembler    Page 1 


    1 00000000         ; PR_3
    2 00000000                 area             stack, noinit, readwrite
    3 00000000                 space            0x400
    4 00000400         stack_top
    5 00000400                 area             reset, data, readonly
    6 00000000 00000000        dcd              stack_top
    7 00000004 00000000        dcd              start
    8 00000008                 area             program,code,readonly
    9 00000000                 entry
   10 00000000         start
   11 00000000         ;bl pp1
   12 00000000         ;bl pp2
   13 00000000         ;bl pp3
   14 00000000 F000 F83E       bl               pp4
   15 00000004         ;bl pp5
   16 00000004 E7FC            b                start
   17 00000006         pp1
   18 00000006 F04F 5000       mov              r0, #0x20000000
   19 0000000A F04F 0101       mov              r1, #1
   20 0000000E F04F 32FF       mov              r2, #-1
   21 00000012 F04F 037F       mov              r3, #127
   22 00000016 F06F 047F       mov              r4, #-128
   23 0000001A 7000            strb             r0, [r0]
   24 0000001C 7041            strb             r1, [r0,#1]
   25 0000001E 7082            strb             r2, [r0,#2]
   26 00000020 70C3            strb             r3, [r0,#3]
   27 00000022 7104            strb             r4, [r0,#4]
   28 00000024 F990 5002       ldrsb            r5, [r0,#2]
   29 00000028 7886            ldrb             r6, [r0,#2]
   30 0000002A 4770            bx               lr
   31 0000002C         pp2
   32 0000002C F06F 0801       ldr              r8, = -2
   33 00000030 F04F 0903       ldr              r9, = 3
   34 00000034 F06F 0A03       ldr              r10, =-4
   35 00000038 F04F 0B05       ldr              r11, =5
   36 0000003C FB88 0109       smull            r0, r1, r8, r9
   37 00000040 FB8A 230B       smull            r2, r3, r10, r11
   38 00000044 1884            adds             r4, r0, r2
   39 00000046 EB51 0503       adcs             r5, r1, r3
   40 0000004A EA4F 0535       rrx              r5, r5
   41 0000004E EA4F 0434       rrx              r4, r4
   42 00000052 4770            bx               lr
   43 00000054         pp3
   44 00000054 F04F 5000       mov              r0, #0x20000000
   45 00000058 F04F 0132       mov              r1, #50
   46 0000005C F06F 0263       mov              r2, #-100
   47 00000060 F06F 03F9       mov              r3, #-250
   48 00000064 F04F 0464       mov              r4, #100
   49 00000068 EB01 0502       add              r5, r1, r2
   50 0000006C 441D            add              r5, r3
   51 0000006E 4425            add              r5, r4
   52 00000070 EA4F 06A5       asr              r6, r5, #2
   53 00000074 7006            strb             r6, [r0]
   54 00000076 F990 7000       ldrsb            r7, [r0]
   55 0000007A F890 8000       ldrb             r8, [r0]
   56 0000007E 4770            bx               lr
   57 00000080         pp4
   58 00000080 F04F 000A       mov              r0, #10
   59 00000084 F04F 0102       mov              r1, #2



ARM Macro Assembler    Page 2 


   60 00000088 F04F 0250       mov              r2, #80
   61 0000008C FB00 2401       mla              r4, r0, r1, r2
   62 00000090 4770            bx               lr
   63 00000092         pp5
   64 00000092 F04F 0002       mov              r0, #2
   65 00000096 FBE0 2100       umlal            r2,r1,r0,r0
   66 0000009A FBE0 1200       umlal            r1,r2,r0,r0
   67 0000009E FBE0 1200       umlal            r1,r2,r0,r0
   68 000000A2 F06F 0301       mov              r3, #-2
   69 000000A6 F04F 0401       mov              r4, #1
   70 000000AA FBC4 5603       smlal            r5,r6,r4,r3
   71 000000AE FBC4 5603       smlal            r5,r6,r4,r3
   72 000000B2 FBC4 5603       smlal            r5,r6,r4,r3
   73 000000B6 4770            bx               lr
   74 000000B8         end
                       
Command Line: --debug --xref --diag_suppress=9931 --cpu=Cortex-M3 --apcs=interw
ork --depend=.\objects\main.d -o.\objects\main.o -I.\RTE\_Target_1 -IC:\Keil_v5
\ARM\PACK\Keil\MDR1986BExx\1.4\Libraries\CMSIS\CM3\DeviceSupport\MDR32F9Qx\inc 
-IC:\Keil_v5\ARM\CMSIS\Include --predefine="__EVAL SETA 1" --predefine="__UVISI
ON_VERSION SETA 526" --predefine="USE_MDR32F9Q2_Rev1 SETA 1" --list=.\listings\
main.lst main.s



ARM Macro Assembler    Page 1 Alphabetic symbol ordering
Relocatable symbols

stack 00000000

Symbol: stack
   Definitions
      At line 2 in file main.s
   Uses
      None
Comment: stack unused
stack_top 00000400

Symbol: stack_top
   Definitions
      At line 4 in file main.s
   Uses
      At line 6 in file main.s
Comment: stack_top used once
2 symbols



ARM Macro Assembler    Page 1 Alphabetic symbol ordering
Relocatable symbols

reset 00000000

Symbol: reset
   Definitions
      At line 5 in file main.s
   Uses
      None
Comment: reset unused
1 symbol



ARM Macro Assembler    Page 1 Alphabetic symbol ordering
Relocatable symbols

end 000000B8

Symbol: end
   Definitions
      At line 74 in file main.s
   Uses
      None
Comment: end unused
pp1 00000006

Symbol: pp1
   Definitions
      At line 17 in file main.s
   Uses
      None
Comment: pp1 unused
pp2 0000002C

Symbol: pp2
   Definitions
      At line 31 in file main.s
   Uses
      None
Comment: pp2 unused
pp3 00000054

Symbol: pp3
   Definitions
      At line 43 in file main.s
   Uses
      None
Comment: pp3 unused
pp4 00000080

Symbol: pp4
   Definitions
      At line 57 in file main.s
   Uses
      At line 14 in file main.s
Comment: pp4 used once
pp5 00000092

Symbol: pp5
   Definitions
      At line 63 in file main.s
   Uses
      None
Comment: pp5 unused
program 00000000

Symbol: program
   Definitions
      At line 8 in file main.s
   Uses
      None
Comment: program unused
start 00000000

Symbol: start



ARM Macro Assembler    Page 2 Alphabetic symbol ordering
Relocatable symbols

   Definitions
      At line 10 in file main.s
   Uses
      At line 7 in file main.s
      At line 16 in file main.s

8 symbols
344 symbols in table
