


ARM Macro Assembler    Page 1 


    1 00000000         ;PR_1
    2 00000000                 area             stack, noinit, readwrite
    3 00000000                 space            0x400
    4 00000400         stack_top
    5 00000400                 area             reset, data, readonly
    6 00000000                 area             program,code,readonly
    7 00000000 00000000        dcd              stack_top
    8 00000004 00000000        dcd              start
    9 00000008                 entry
   10 00000008         start
   11 00000008         ;bl pp1
   12 00000008         ;bl pp2
   13 00000008         ;bl pp3
   14 00000008         ;bl pp4
   15 00000008 F000 F854       bl               pp5
   16 0000000C E7FC            b                start
   17 0000000E         pp1
   18 0000000E 2000            movs             r0, #0
   19 00000010 BF0C 2120       moveq            r1, #32
   20 00000014 2196            movne            r1, #150
   21 00000016 F05F 32FF       movs             r2, #-1
   22 0000001A 23FF            movs             r3, #255
   23 0000001C F64C 55EF       movw             r5, #0xcdef
   24 00000020 F6C8 15AB       movt             r5, #0x89ab
   25 00000024 4E29            ldr              r6, = 0xfedcba98
   26 00000026 4604            mov              r4, r0
   27 00000028 1864            adds             r4, r1
   28 0000002A 4414            add              r4, r2
   29 0000002C 08A7            movs             r7, r4, lsr # 2
   30 0000002E F104 0819       add              r8, r4, #25
   31 00000032 EB07 0904       add              r9, r7, r4
   32 00000036 EB04 0A97       add              r10, r4, r7, lsr #2
   33 0000003A B410            push             {r4}
   34 0000003C B4E0            push             {r5-r7}
   35 0000003E BC03            pop              {r1, r0}
   36 00000040 BC0C            pop              {r3, r2}
   37 00000042 F04F 5000       mov              r0, #0x20000000
   38 00000046 F840 5B04       str              r5, [r0],#4
   39 0000004A F840 6B04       str              r6, [r0],#4
   40 0000004E F840 7B04       str              r7, [r0],#4
   41 00000052 F850 8D04       ldr              r8, [r0,#-4]!
   42 00000056 F850 9D04       ldr              r9, [r0,#-4]!
   43 0000005A F850 AD04       ldr              r10, [r0,#-4]!
   44 0000005E 4770            bx               lr
   45 00000060         pp2
   46 00000060 481B            ldr              r0, = 0x12345678
   47 00000062 FA90 F1A0       rbit             r1, r0
   48 00000066 BA02            rev              r2, r0
   49 00000068 BA43            rev16            r3, r0
   50 0000006A BAC4            revsh            r4, r0
   51 0000006C 4770            bx               lr
   52 0000006E         pp3
   53 0000006E 4819            ldr              r0, = 0x20000010
   54 00000070 F04F 012D       mov              r1, #0x2D
   55 00000074 F44F 7243       mov              r2, #0x30C
   56 00000078 F04F 032D       mov              r3, #0x2D
   57 0000007C F04F 0415       mov              r4, #0x15
   58 00000080 F840 1B04       str              r1, [r0],#4
   59 00000084 F840 2B04       str              r2, [r0],#4



ARM Macro Assembler    Page 2 


   60 00000088 F840 3B04       str              r3, [r0],#4
   61 0000008C F840 4B04       str              r4, [r0],#4
   62 00000090 B41E            push{r1-r4}
   63 00000092 F85D 9B04       pop{r9}
   64 00000096 F85D 9B04       pop{r9}
   65 0000009A F85D 8B04       pop{r8}
   66 0000009E BC80            pop{r7}
   67 000000A0 4770            bx               lr
   68 000000A2         pp4
   69 000000A2 F04F 0003       ldr              r0, = 0x03
   70 000000A6 EA4F 0130       rrx              r1, r0
   71 000000AA EA5F 0231       rrxs             r2, r1
   72 000000AE EA5F 0332       rrxs             r3, r2
   73 000000B2         ;lsr 
   74 000000B2 4770            bx               lr
   75 000000B4         pp5
   76 000000B4 F04F 0009       mov              r0, #9
   77 000000B8 F04F 0A01       mov              r10, #1
   78 000000BC FA20 F10A       lsr              r1, r0, r10
   79 000000C0 EA4F 0290       lsr              r2, r0, #2
   80 000000C4 FA30 F30A       lsrs             r3, r0, r10
   81 000000C8 0884            lsrs             r4, r0, #2
   82 000000CA 4770            bx               lr
   83 000000CC         endd
                       
              FEDCBA98 
              12345678 
              20000010 
Command Line: --debug --xref --diag_suppress=9931 --cpu=Cortex-M3 --apcs=interw
ork --depend=.\objects\pr_1.d -o.\objects\pr_1.o -I.\RTE\_Target_1 -IC:\Keil_v5
\ARM\PACK\Keil\MDR1986BExx\1.4\Libraries\CMSIS\CM3\DeviceSupport\MDR32F9Qx\inc 
-IC:\Keil_v5\ARM\CMSIS\Include --predefine="__EVAL SETA 1" --predefine="__UVISI
ON_VERSION SETA 526" --predefine="USE_MDR32F9Q2_Rev1 SETA 1" --list=.\listings\
pr_1.lst PR_1.s



ARM Macro Assembler    Page 1 Alphabetic symbol ordering
Relocatable symbols

stack 00000000

Symbol: stack
   Definitions
      At line 2 in file PR_1.s
   Uses
      None
Comment: stack unused
stack_top 00000400

Symbol: stack_top
   Definitions
      At line 4 in file PR_1.s
   Uses
      At line 7 in file PR_1.s
Comment: stack_top used once
2 symbols



ARM Macro Assembler    Page 1 Alphabetic symbol ordering
Relocatable symbols

reset 00000000

Symbol: reset
   Definitions
      At line 5 in file PR_1.s
   Uses
      None
Comment: reset unused
1 symbol



ARM Macro Assembler    Page 1 Alphabetic symbol ordering
Relocatable symbols

endd 000000CC

Symbol: endd
   Definitions
      At line 83 in file PR_1.s
   Uses
      None
Comment: endd unused
pp1 0000000E

Symbol: pp1
   Definitions
      At line 17 in file PR_1.s
   Uses
      None
Comment: pp1 unused
pp2 00000060

Symbol: pp2
   Definitions
      At line 45 in file PR_1.s
   Uses
      None
Comment: pp2 unused
pp3 0000006E

Symbol: pp3
   Definitions
      At line 52 in file PR_1.s
   Uses
      None
Comment: pp3 unused
pp4 000000A2

Symbol: pp4
   Definitions
      At line 68 in file PR_1.s
   Uses
      None
Comment: pp4 unused
pp5 000000B4

Symbol: pp5
   Definitions
      At line 75 in file PR_1.s
   Uses
      At line 15 in file PR_1.s
Comment: pp5 used once
program 00000000

Symbol: program
   Definitions
      At line 6 in file PR_1.s
   Uses
      None
Comment: program unused
start 00000008

Symbol: start



ARM Macro Assembler    Page 2 Alphabetic symbol ordering
Relocatable symbols

   Definitions
      At line 10 in file PR_1.s
   Uses
      At line 8 in file PR_1.s
      At line 16 in file PR_1.s

8 symbols
346 symbols in table
